Message: Data has been extracted successfuly from kaggle @2025-06-16 12:26:49.430081
Message: Data has been extracted successfuly from kaggle @2025-06-16 13:02:18.135054
Message: Data has been extracted successfuly from a public API on an API call @2025-06-16 17:41:20.926860
Message: Data has been extracted successfuly from a public API on an API call @2025-06-16 18:38:53.409297
Message: Data has been extracted successfuly from a public API on an API call @2025-06-16 18:43:57.639813
Message: Data has been extracted successfuly from a public API on an API call @2025-06-16 21:42:46.681538
Message: Data has been successfuly saved on the raw directory of the project @2025-06-16 21:42:46.704978
Message: Data has been extracted successfuly from a public API on an API call @2025-06-16 21:50:13.946431
Message: Data has been successfuly saved on the raw directory of the project @2025-06-16 21:50:13.965627
Message: Data has been extracted successfuly from a public API on an API call @2025-06-16 21:56:18.393901
Message: Data has been successfuly saved on the raw directory of the project @2025-06-16 21:56:18.408707
Message: Data has been extracted successfuly from a public API on an API call @2025-06-16 21:59:01.162662
Message: Data has been successfuly saved on the raw directory of the project @2025-06-16 21:59:01.173341
Message: Data has been extracted successfuly from a public API on an API call @2025-06-16 22:07:27.340414
Message: Data has been successfuly saved on the raw directory of the project @2025-06-16 22:07:27.358129
Message: Data has been extracted successfuly from a public API on an API call @2025-06-16 22:07:51.987740
Message: Data has been successfuly saved on the raw directory of the project @2025-06-16 22:07:52.005449
Message 2025-06-16 22:29:17.246359: Data has been extracted successfuly from a public API on an API call
Message 2025-06-16 22:29:17.257380: Data has been successfuly saved on the raw directory of the project
Message 2026-02-21 13:13:40.039641: Data has been extracted successfuly from a public API on an API call
Message 2026-02-21 13:13:40.043807: Data has been successfuly saved on the raw directory of the project
Message 2026-02-21 13:33:39.277885: Data has been extracted successfuly from a public API on an API call
Message 2026-02-21 13:33:39.304570: Data has been successfuly saved on the raw directory of the project
Message 2026-02-21 13:36:42.145237: Transfromed Data has been successfuly saved on the processed directory of the project
Message 2026-02-24 00:16:29.031815: Data has been extracted successfuly from a Alpha Vantage on an API call
Successfully uploaded data/raw_data_2026-02-24.json to etl-project-s3-bucket-ntseno-2026/data/raw_data_2026-02-24.json
Successfully uploaded logs/program.log to etl-project-s3-bucket-ntseno-2026/logs/program.log
